[1;34marr[99]: [0;39m ./push_swap 9 2 12 0 17 14 5 1 7 13 16 4 10 8 6 3 11 15 18 19 	checker_linux:[0;32mOK
[0;39m[1;34marr[100]: [0;39m ./push_swap 13 12 10 9 15 6 14 2 1 8 11 17 16 7 5 0 4 3 18 19 	checker_linux:[0;32mOK
[0;39m[1;34marr[101]: [0;39m ./push_swap 8 10 16 13 3 5 6 12 2 7 4 15 11 1 14 9 17 0 18 19 	checker_linux:[0;32mOK
[0;39m[1;34marr[102]: [0;39m ./push_swap 7 16 11 8 0 14 5 10 12 1 17 3 4 2 6 13 15 9 18 19 	checker_linux:[0;32mOK
[0;39m[1;34marr[103]: [0;39m ./push_swap 1 11 4 7 9 6 14 16 10 2 15 0 17 12 5 8 3 13 18 19 	checker_linux:[0;32mOK
[0;39m[1;34marr[104]: [0;39m ./push_swap 2 4 17 1 13 5 6 11 16 12 3 9 15 10 14 7 0 8 18 19 	checker_linux:[0;32mOK
[0;39m[1;34marr[105]: [0;39m ./push_swap 12 17 15 2 8 14 5 4 11 10 0 13 3 16 6 1 9 7 18 19 	checker_linux:[0;32mOK
[0;39m[1;34marr[106]: [0;39m ./push_swap 10 15 3 12 7 6 14 17 4 16 9 8 0 11 5 2 13 1 18 19 	checker_linux:[0;32mOK
[0;39m[1;34marr[107]: [0;39m ./push_swap 16 3 0 10 1 5 6 15 17 11 13 7 9 4 14 12 8 2 18 19 	checker_linux:[0;32mOK
[0;39m[1;34marr[108]: [0;39m ./push_swap 11 0 9 16 2 14 5 3 15 4 8 1 13 17 6 10 7 12 18 19 	checker_linux:[0;32mOK
[0;39m[1;34marr[109]: [0;39m ./push_swap 4 9 13 11 12 6 14 0 3 17 7 2 8 15 5 16 1 10 18 19 	checker_linux:[0;32mOK
[0;39m[1;34marr[110]: [0;39m ./push_swap 17 13 8 4 10 5 6 9 0 15 1 12 7 3 14 11 2 16 18 19 	checker_linux:[0;32mOK
[0;39m[1;34marr[111]: [0;39m ./push_swap 15 8 7 17 16 14 5 13 9 3 2 10 1 0 6 4 12 11 18 19 	checker_linux:[0;32mOK
[0;39m[1;34marr[112]: [0;39m ./push_swap 3 7 1 15 11 6 14 8 13 0 12 16 2 9 5 17 10 4 18 19 	checker_linux:[0;32mOK
[0;39m[1;34marr[113]: [0;39m ./push_swap 0 1 2 3 4 5 6 7 8 9 10 11 12 13 14 15 16 17 18 19 	checker_linux:[0;32mOK
[0;39m[1;34marr[114]: [0;39m ./push_swap 9 2 12 0 17 14 5 1 7 13 16 4 10 8 6 3 11 15 18 19 	checker_linux:[0;32mOK
[0;39m[1;34marr[115]: [0;39m ./push_swap 13 12 10 9 15 6 14 2 1 8 11 17 16 7 5 0 4 3 18 19 	checker_linux:[0;32mOK
[0;39m[1;34marr[116]: [0;39m ./push_swap 8 10 16 13 3 5 6 12 2 7 4 15 11 1 14 9 17 0 18 19 	checker_linux:[0;32mOK
[0;39m[1;34marr[117]: [0;39m ./push_swap 7 16 11 8 0 14 5 10 12 1 17 3 4 2 6 13 15 9 18 19 	checker_linux:[0;32mOK
[0;39m[1;34marr[118]: [0;39m ./push_swap 1 11 4 7 9 6 14 16 10 2 15 0 17 12 5 8 3 13 18 19 	checker_linux:[0;32mOK
[0;39m[1;34marr[119]: [0;39m ./push_swap 2 4 17 1 13 5 6 11 16 12 3 9 15 10 14 7 0 8 18 19 	checker_linux:[0;32mOK
[0;39m[1;34marr[120]: [0;39m ./push_swap 12 17 15 2 8 14 5 4 11 10 0 13 3 16 6 1 9 7 18 19 	checker_linux:[0;32mOK
[0;39m[1;34marr[121]: [0;39m ./push_swap 10 15 3 12 7 6 14 17 4 16 9 8 0 11 5 2 13 1 18 19 	checker_linux:[0;32mOK
[0;39m[1;34marr[122]: [0;39m ./push_swap 16 3 0 10 1 5 6 15 17 11 13 7 9 4 14 12 8 2 18 19 	checker_linux:[0;32mOK
[0;39m[1;34marr[123]: [0;39m ./push_swap 11 0 9 16 2 14 5 3 15 4 8 1 13 17 6 10 7 12 18 19 	checker_linux:[0;32mOK
[0;39m[1;34marr[124]: [0;39m ./push_swap 4 9 13 11 12 6 14 0 3 17 7 2 8 15 5 16 1 10 18 19 	checker_linux:[0;32mOK
[0;39m[1;34marr[125]: [0;39m ./push_swap 17 13 8 4 10 5 6 9 0 15 1 12 7 3 14 11 2 16 18 19 	checker_linux:[0;32mOK
[0;39m[1;34marr[126]: [0;39m ./push_swap 15 8 7 17 16 14 5 13 9 3 2 10 1 0 6 4 12 11 18 19 	checker_linux:[0;32mOK
[0;39m[1;34marr[127]: [0;39m ./push_swap 3 7 1 15 11 6 14 8 13 0 12 16 2 9 5 17 10 4 18 19 	checker_linux:[0;32mOK
[0;39m[1;34marr[128]: [0;39m ./push_swap 0 1 2 3 4 5 6 7 8 9 10 11 12 13 14 15 16 17 18 19 	checker_linux:[0;32mOK
[0;39m[1;34marr[129]: [0;39m ./push_swap 9 2 12 0 17 14 5 1 7 13 16 4 10 8 6 3 11 15 18 19 	checker_linux:[0;32mOK
[0;39m[1;34marr[130]: [0;39m ./push_swap 13 12 10 9 15 6 14 2 1 8 11 17 16 7 5 0 4 3 18 19 	checker_linux:[0;32mOK
[0;39m[1;34marr[131]: [0;39m ./push_swap 8 10 16 13 3 5 6 12 2 7 4 15 11 1 14 9 17 0 18 19 	checker_linux:[0;32mOK
[0;39m[1;34marr[132]: [0;39m ./push_swap 7 16 11 8 0 14 5 10 12 1 17 3 4 2 6 13 15 9 18 19 	checker_linux:[0;32mOK
[0;39m[1;34marr[133]: [0;39m ./push_swap 1 11 4 7 9 6 14 16 10 2 15 0 17 12 5 8 3 13 18 19 	checker_linux:[0;32mOK
[0;39m[1;34marr[134]: [0;39m ./push_swap 2 4 17 1 13 5 6 11 16 12 3 9 15 10 14 7 0 8 18 19 	checker_linux:[0;32mOK
[0;39m[1;34marr[135]: [0;39m ./push_swap 12 17 15 2 8 14 5 4 11 10 0 13 3 16 6 1 9 7 18 19 	checker_linux:[0;32mOK
[0;39m[1;34marr[136]: [0;39m ./push_swap 10 15 3 12 7 6 14 17 4 16 9 8 0 11 5 2 13 1 18 19 	checker_linux:[0;32mOK
[0;39m[1;34marr[137]: [0;39m ./push_swap 16 3 0 10 1 5 6 15 17 11 13 7 9 4 14 12 8 2 18 19 	checker_linux:[0;32mOK
[0;39m[1;34marr[138]: [0;39m ./push_swap 11 0 9 16 2 14 5 3 15 4 8 1 13 17 6 10 7 12 18 19 	checker_linux:[0;32mOK
[0;39m[1;34marr[139]: [0;39m ./push_swap 4 9 13 11 12 6 14 0 3 17 7 2 8 15 5 16 1 10 18 19 	checker_linux:[0;32mOK
[0;39m[1;34marr[140]: [0;39m ./push_swap 17 13 8 4 10 5 6 9 0 15 1 12 7 3 14 11 2 16 18 19 	checker_linux:[0;32mOK
[0;39m[1;34marr[141]: [0;39m ./push_swap 15 8 7 17 16 14 5 13 9 3 2 10 1 0 6 4 12 11 18 19 	checker_linux:[0;32mOK
[0;39m[1;34marr[142]: [0;39m ./push_swap 3 7 1 15 11 6 14 8 13 0 12 16 2 9 5 17 10 4 18 19 	checker_linux:[0;32mOK
[0;39m[1;34marr[143]: [0;39m ./push_swap 0 1 2 3 4 5 6 7 8 9 10 11 12 13 14 15 16 17 18 19 	checker_linux:[0;32mOK
[0;39m[1;34marr[144]: [0;39m ./push_swap 9 2 12 0 17 14 5 1 7 13 16 4 10 8 6 3 11 15 18 19 	checker_linux:[0;32mOK
[0;39m[1;34marr[145]: [0;39m ./push_swap 13 12 10 9 15 6 14 2 1 8 11 17 16 7 5 0 4 3 18 19 	checker_linux:[0;32mOK
[0;39m[1;34marr[146]: [0;39m ./push_swap 8 10 16 13 3 5 6 12 2 7 4 15 11 1 14 9 17 0 18 19 	checker_linux:[0;32mOK
[0;39m[1;34marr[147]: [0;39m ./push_swap 7 16 11 8 0 14 5 10 12 1 17 3 4 2 6 13 15 9 18 19 	checker_linux:[0;32mOK
[0;39m[1;34marr[148]: [0;39m ./push_swap 1 11 4 7 9 6 14 16 10 2 15 0 17 12 5 8 3 13 18 19 	checker_linux:[0;32mOK
[0;39m[1;34marr[149]: [0;39m ./push_swap 2 4 17 1 13 5 6 11 16 12 3 9 15 10 14 7 0 8 18 19 	checker_linux:[0;32mOK
[0;39m[1;34marr[150]: [0;39m ./push_swap 12 17 15 2 8 14 5 4 11 10 0 13 3 16 6 1 9 7 18 19 	checker_linux:[0;32mOK
[0;39m[1;34marr[151]: [0;39m ./push_swap 10 15 3 12 7 6 14 17 4 16 9 8 0 11 5 2 13 1 18 19 	checker_linux:[0;32mOK
[0;39m[1;34marr[152]: [0;39m ./push_swap 16 3 0 10 1 5 6 15 17 11 13 7 9 4 14 12 8 2 18 19 	checker_linux:[0;32mOK
[0;39m[1;34marr[153]: [0;39m ./push_swap 11 0 9 16 2 14 5 3 15 4 8 1 13 17 6 10 7 12 18 19 	checker_linux:[0;32mOK
[0;39m[1;34marr[154]: [0;39m ./push_swap 4 9 13 11 12 6 14 0 3 17 7 2 8 15 5 16 1 10 18 19 	checker_linux:[0;32mOK
[0;39m[1;34marr[155]: [0;39m ./push_swap 17 13 8 4 10 5 6 9 0 15 1 12 7 3 14 11 2 16 18 19 	checker_linux:[0;32mOK
[0;39m[1;34marr[156]: [0;39m ./push_swap 15 8 7 17 16 14 5 13 9 3 2 10 1 0 6 4 12 11 18 19 	checker_linux:[0;32mOK
[0;39m[1;34marr[157]: [0;39m ./push_swap 3 7 1 15 11 6 14 8 13 0 12 16 2 9 5 17 10 4 18 19 	checker_linux:[0;32mOK
[0;39m[1;34marr[158]: [0;39m ./push_swap 0 1 2 3 4 5 6 7 8 9 10 11 12 13 14 15 16 17 18 19 	checker_linux:[0;32mOK
[0;39m[1;34marr[159]: [0;39m ./push_swap 9 2 12 0 17 14 5 1 7 13 16 4 10 8 6 3 11 15 18 19 	checker_linux:[0;32mOK
[0;39m[1;34marr[160]: [0;39m ./push_swap 13 12 10 9 15 6 14 2 1 8 11 17 16 7 5 0 4 3 18 19 	checker_linux:[0;32mOK
[0;39m[1;34marr[161]: [0;39m ./push_swap 8 10 16 13 3 5 6 12 2 7 4 15 11 1 14 9 17 0 18 19 	checker_linux:[0;32mOK
[0;39m[1;34marr[162]: [0;39m ./push_swap 7 16 11 8 0 14 5 10 12 1 17 3 4 2 6 13 15 9 18 19 	checker_linux:[0;32mOK
[0;39m[1;34marr[163]: [0;39m ./push_swap 1 11 4 7 9 6 14 16 10 2 15 0 17 12 5 8 3 13 18 19 	checker_linux:[0;32mOK
[0;39m[1;34marr[164]: [0;39m ./push_swap 2 4 17 1 13 5 6 11 16 12 3 9 15 10 14 7 0 8 18 19 	checker_linux:[0;32mOK
[0;39m[1;34marr[165]: [0;39m ./push_swap 12 17 15 2 8 14 5 4 11 10 0 13 3 16 6 1 9 7 18 19 	checker_linux:[0;32mOK
[0;39m[1;34marr[166]: [0;39m ./push_swap 10 15 3 12 7 6 14 17 4 16 9 8 0 11 5 2 13 1 18 19 	checker_linux:[0;32mOK
[0;39m[1;34marr[167]: [0;39m ./push_swap 16 3 0 10 1 5 6 15 17 11 13 7 9 4 14 12 8 2 18 19 	checker_linux:[0;32mOK
[0;39m[1;34marr[168]: [0;39m ./push_swap 11 0 9 16 2 14 5 3 15 4 8 1 13 17 6 10 7 12 18 19 	checker_linux:[0;32mOK
[0;39m[1;34marr[169]: [0;39m ./push_swap 4 9 13 11 12 6 14 0 3 17 7 2 8 15 5 16 1 10 18 19 	checker_linux:[0;32mOK
[0;39m[1;34marr[170]: [0;39m ./push_swap 17 13 8 4 10 5 6 9 0 15 1 12 7 3 14 11 2 16 18 19 	checker_linux:[0;32mOK
[0;39m[1;34marr[171]: [0;39m ./push_swap 15 8 7 17 16 14 5 13 9 3 2 10 1 0 6 4 12 11 18 19 	checker_linux:[0;32mOK
[0;39m[1;34marr[172]: [0;39m ./push_swap 3 7 1 15 11 6 14 8 13 0 12 16 2 9 5 17 10 4 18 19 	checker_linux:[0;32mOK
[0;39m[1;34marr[173]: [0;39m ./push_swap 0 1 2 3 4 5 6 7 8 9 10 11 12 13 14 15 16 17 18 19 	checker_linux:[0;32mOK
[0;39m[1;34marr[174]: [0;39m ./push_swap 9 2 12 0 17 14 5 1 7 13 16 4 10 8 6 3 11 15 18 19 	checker_linux:[0;32mOK
[0;39m[1;34marr[175]: [0;39m ./push_swap 13 12 10 9 15 6 14 2 1 8 11 17 16 7 5 0 4 3 18 19 	checker_linux:[0;32mOK
[0;39m[1;34marr[176]: [0;39m ./push_swap 8 10 16 13 3 5 6 12 2 7 4 15 11 1 14 9 17 0 18 19 	checker_linux:[0;32mOK
[0;39m[1;34marr[177]: [0;39m ./push_swap 7 16 11 8 0 14 5 10 12 1 17 3 4 2 6 13 15 9 18 19 	checker_linux:[0;32mOK
[0;39m[1;34marr[178]: [0;39m ./push_swap 1 11 4 7 9 6 14 16 10 2 15 0 17 12 5 8 3 13 18 19 	checker_linux:[0;32mOK
[0;39m[1;34marr[179]: [0;39m ./push_swap 2 4 17 1 13 5 6 11 16 12 3 9 15 10 14 7 0 8 18 19 	checker_linux:[0;32mOK
[0;39m[1;34marr[180]: [0;39m ./push_swap 12 17 15 2 8 14 5 4 11 10 0 13 3 16 6 1 9 7 18 19 	checker_linux:[0;32mOK
[0;39m[1;34marr[181]: [0;39m ./push_swap 10 15 3 12 7 6 14 17 4 16 9 8 0 11 5 2 13 1 18 19 	checker_linux:[0;32mOK
[0;39m[1;34marr[182]: [0;39m ./push_swap 16 3 0 10 1 5 6 15 17 11 13 7 9 4 14 12 8 2 18 19 	checker_linux:[0;32mOK
[0;39m[1;34marr[183]: [0;39m ./push_swap 11 0 9 16 2 14 5 3 15 4 8 1 13 17 6 10 7 12 18 19 	checker_linux:[0;32mOK
[0;39m[1;34marr[184]: [0;39m ./push_swap 4 9 13 11 12 6 14 0 3 17 7 2 8 15 5 16 1 10 18 19 	checker_linux:[0;32mOK
[0;39m[1;34marr[185]: [0;39m ./push_swap 17 13 8 4 10 5 6 9 0 15 1 12 7 3 14 11 2 16 18 19 	checker_linux:[0;32mOK
[0;39m[1;34marr[186]: [0;39m ./push_swap 15 8 7 17 16 14 5 13 9 3 2 10 1 0 6 4 12 11 18 19 	checker_linux:[0;32mOK
[0;39m[1;34marr[187]: [0;39m ./push_swap 3 7 1 15 11 6 14 8 13 0 12 16 2 9 5 17 10 4 18 19 	checker_linux:[0;32mOK
[0;39m[1;34marr[188]: [0;39m ./push_swap 0 1 2 3 4 5 6 7 8 9 10 11 12 13 14 15 16 17 18 19 	checker_linux:[0;32mOK
[0;39m[1;34marr[189]: [0;39m ./push_swap 9 2 12 0 17 14 5 1 7 13 16 4 10 8 6 3 11 15 18 19 	checker_linux:[0;32mOK
[0;39m[1;34marr[190]: [0;39m ./push_swap 13 12 10 9 15 6 14 2 1 8 11 17 16 7 5 0 4 3 18 19 	checker_linux:[0;32mOK
[0;39m[1;34marr[191]: [0;39m ./push_swap 8 10 16 13 3 5 6 12 2 7 4 15 11 1 14 9 17 0 18 19 	checker_linux:[0;32mOK
[0;39m[1;34marr[192]: [0;39m ./push_swap 7 16 11 8 0 14 5 10 12 1 17 3 4 2 6 13 15 9 18 19 	checker_linux:[0;32mOK
[0;39m[1;34marr[193]: [0;39m ./push_swap 1 11 4 7 9 6 14 16 10 2 15 0 17 12 5 8 3 13 18 19 	checker_linux:[0;32mOK
[0;39m[1;34marr[194]: [0;39m ./push_swap 2 4 17 1 13 5 6 11 16 12 3 9 15 10 14 7 0 8 18 19 	checker_linux:[0;32mOK
[0;39m[1;34marr[195]: [0;39m ./push_swap 12 17 15 2 8 14 5 4 11 10 0 13 3 16 6 1 9 7 18 19 	checker_linux:[0;32mOK
[0;39m[1;34marr[196]: [0;39m ./push_swap 10 15 3 12 7 6 14 17 4 16 9 8 0 11 5 2 13 1 18 19 	checker_linux:[0;32mOK
[0;39m[1;34marr[197]: [0;39m ./push_swap 16 3 0 10 1 5 6 15 17 11 13 7 9 4 14 12 8 2 18 19 	checker_linux:[0;32mOK
[0;39m[1;34marr[198]: [0;39m ./push_swap 11 0 9 16 2 14 5 3 15 4 8 1 13 17 6 10 7 12 18 19 	checker_linux:[0;32mOK
[0;39m[1;34marr[199]: [0;39m ./push_swap 4 9 13 11 12 6 14 0 3 17 7 2 8 15 5 16 1 10 18 19 	checker_linux:[0;32mOK
[0;39m[1;34marr[200]: [0;39m ./push_swap 17 13 8 4 10 5 6 9 0 15 1 12 7 3 14 11 2 16 18 19 	checker_linux:[0;32mOK
[0;39m[1;34marr[201]: [0;39m ./push_swap 15 8 7 17 16 14 5 13 9 3 2 10 1 0 6 4 12 11 18 19 	checker_linux:[0;32mOK
[0;39m[1;34marr[202]: [0;39m ./push_swap 3 7 1 15 11 6 14 8 13 0 12 16 2 9 5 17 10 4 18 19 	checker_linux:[0;32mOK
[0;39m[1;34marr[203]: [0;39m ./push_swap 0 1 2 3 4 5 6 7 8 9 10 11 12 13 14 15 16 17 18 19 	checker_linux:[0;32mOK
[0;39m[1;34marr[204]: [0;39m ./push_swap 9 2 12 0 17 14 5 1 7 13 16 4 10 8 6 3 11 15 18 19 	checker_linux:[0;32mOK
[0;39m[1;34marr[205]: [0;39m ./push_swap 13 12 10 9 15 6 14 2 1 8 11 17 16 7 5 0 4 3 18 19 	checker_linux:[0;32mOK
[0;39m[1;34marr[206]: [0;39m ./push_swap 8 10 16 13 3 5 6 12 2 7 4 15 11 1 14 9 17 0 18 19 	checker_linux:[0;32mOK
[0;39m[1;34marr[207]: [0;39m ./push_swap 7 16 11 8 0 14 5 10 12 1 17 3 4 2 6 13 15 9 18 19 	checker_linux:[0;32mOK
[0;39m[1;34marr[208]: [0;39m ./push_swap 1 11 4 7 9 6 14 16 10 2 15 0 17 12 5 8 3 13 18 19 	checker_linux:[0;32mOK
[0;39m[1;34marr[209]: [0;39m ./push_swap 2 4 17 1 13 5 6 11 16 12 3 9 15 10 14 7 0 8 18 19 	checker_linux:[0;32mOK
[0;39m[1;34marr[210]: [0;39m ./push_swap 12 17 15 2 8 14 5 4 11 10 0 13 3 16 6 1 9 7 18 19 	checker_linux:[0;32mOK
[0;39m[1;34marr[211]: [0;39m ./push_swap 10 15 3 12 7 6 14 17 4 16 9 8 0 11 5 2 13 1 18 19 	checker_linux:[0;32mOK
[0;39m[1;34marr[212]: [0;39m ./push_swap 16 3 0 10 1 5 6 15 17 11 13 7 9 4 14 12 8 2 18 19 	checker_linux:[0;32mOK
[0;39m[1;34marr[213]: [0;39m ./push_swap 11 0 9 16 2 14 5 3 15 4 8 1 13 17 6 10 7 12 18 19 	checker_linux:[0;32mOK
[0;39m[1;34marr[214]: [0;39m ./push_swap 4 9 13 11 12 6 14 0 3 17 7 2 8 15 5 16 1 10 18 19 	checker_linux:[0;32mOK
[0;39m[1;34marr[215]: [0;39m ./push_swap 17 13 8 4 10 5 6 9 0 15 1 12 7 3 14 11 2 16 18 19 	checker_linux:[0;32mOK
[0;39m[1;34marr[216]: [0;39m ./push_swap 15 8 7 17 16 14 5 13 9 3 2 10 1 0 6 4 12 11 18 19 	checker_linux:[0;32mOK
[0;39m[1;34marr[217]: [0;39m ./push_swap 3 7 1 15 11 6 14 8 13 0 12 16 2 9 5 17 10 4 18 19 	checker_linux:[0;32mOK
[0;39m[1;34marr[218]: [0;39m ./push_swap 0 1 2 3 4 5 6 7 8 9 10 11 12 13 14 15 16 17 18 19 	checker_linux:[0;32mOK
[0;39m[1;34marr[219]: [0;39m ./push_swap 9 2 12 0 17 14 5 1 7 13 16 4 10 8 6 3 11 15 18 19 	checker_linux:[0;32mOK
[0;39m[1;34marr[220]: [0;39m ./push_swap 13 12 10 9 15 6 14 2 1 8 11 17 16 7 5 0 4 3 18 19 	checker_linux:[0;32mOK
[0;39m[1;34marr[221]: [0;39m ./push_swap 8 10 16 13 3 5 6 12 2 7 4 15 11 1 14 9 17 0 18 19 	checker_linux:[0;32mOK
[0;39m[1;34marr[222]: [0;39m ./push_swap 7 16 11 8 0 14 5 10 12 1 17 3 4 2 6 13 15 9 18 19 	checker_linux:[0;32mOK
[0;39m[1;34marr[223]: [0;39m ./push_swap 1 11 4 7 9 6 14 16 10 2 15 0 17 12 5 8 3 13 18 19 	checker_linux:[0;32mOK
[0;39m[1;34marr[224]: [0;39m ./push_swap 2 4 17 1 13 5 6 11 16 12 3 9 15 10 14 7 0 8 18 19 	checker_linux:[0;32mOK
[0;39m[1;34marr[225]: [0;39m ./push_swap 12 17 15 2 8 14 5 4 11 10 0 13 3 16 6 1 9 7 18 19 	checker_linux:[0;32mOK
[0;39m[1;34marr[226]: [0;39m ./push_swap 10 15 3 12 7 6 14 17 4 16 9 8 0 11 5 2 13 1 18 19 	checker_linux:[0;32mOK
[0;39m[1;34marr[227]: [0;39m ./push_swap 16 3 0 10 1 5 6 15 17 11 13 7 9 4 14 12 8 2 18 19 	checker_linux:[0;32mOK
[0;39m[1;34marr[228]: [0;39m ./push_swap 11 0 9 16 2 14 5 3 15 4 8 1 13 17 6 10 7 12 18 19 	checker_linux:[0;32mOK
[0;39m[1;34marr[229]: [0;39m ./push_swap 4 9 13 11 12 6 14 0 3 17 7 2 8 15 5 16 1 10 18 19 	checker_linux:[0;32mOK
[0;39m[1;34marr[230]: [0;39m ./push_swap 17 13 8 4 10 5 6 9 0 15 1 12 7 3 14 11 2 16 18 19 	checker_linux:[0;32mOK
[0;39m[1;34marr[231]: [0;39m ./push_swap 15 8 7 17 16 14 5 13 9 3 2 10 1 0 6 4 12 11 18 19 	checker_linux:[0;32mOK
[0;39m[1;34marr[232]: [0;39m ./push_swap 3 7 1 15 11 6 14 8 13 0 12 16 2 9 5 17 10 4 18 19 	checker_linux:[0;32mOK
[0;39m[1;34marr[233]: [0;39m ./push_swap 0 1 2 3 4 5 6 7 8 9 10 11 12 13 14 15 16 17 18 19 	checker_linux:[0;32mOK
[0;39m[1;34marr[234]: [0;39m ./push_swap 9 2 12 0 17 14 5 1 7 13 16 4 10 8 6 3 11 15 18 19 	checker_linux:[0;32mOK
[0;39m[1;34marr[235]: [0;39m ./push_swap 13 12 10 9 15 6 14 2 1 8 11 17 16 7 5 0 4 3 18 19 	checker_linux:[0;32mOK
[0;39m[1;34marr[236]: [0;39m ./push_swap 8 10 16 13 3 5 6 12 2 7 4 15 11 1 14 9 17 0 18 19 	checker_linux:[0;32mOK
[0;39m[1;34marr[237]: [0;39m ./push_swap 7 16 11 8 0 14 5 10 12 1 17 3 4 2 6 13 15 9 18 19 	checker_linux:[0;32mOK
[0;39m[1;34marr[238]: [0;39m ./push_swap 1 11 4 7 9 6 14 16 10 2 15 0 17 12 5 8 3 13 18 19 	checker_linux:[0;32mOK
[0;39m[1;34marr[239]: [0;39m ./push_swap 2 4 17 1 13 5 6 11 16 12 3 9 15 10 14 7 0 8 18 19 	checker_linux:[0;32mOK
[0;39m[1;34marr[240]: [0;39m ./push_swap 12 17 15 2 8 14 5 4 11 10 0 13 3 16 6 1 9 7 18 19 	checker_linux:[0;32mOK
[0;39m[1;34marr[241]: [0;39m ./push_swap 10 15 3 12 7 6 14 17 4 16 9 8 0 11 5 2 13 1 18 19 	checker_linux:[0;32mOK
[0;39m[1;34marr[242]: [0;39m ./push_swap 16 3 0 10 1 5 6 15 17 11 13 7 9 4 14 12 8 2 18 19 	checker_linux:[0;32mOK
[0;39m[1;34marr[243]: [0;39m ./push_swap 11 0 9 16 2 14 5 3 15 4 8 1 13 17 6 10 7 12 18 19 	checker_linux:[0;32mOK
[0;39m[1;34marr[244]: [0;39m ./push_swap 4 9 13 11 12 6 14 0 3 17 7 2 8 15 5 16 1 10 18 19 	checker_linux:[0;32mOK
[0;39m[1;34marr[245]: [0;39m ./push_swap 17 13 8 4 10 5 6 9 0 15 1 12 7 3 14 11 2 16 18 19 	checker_linux:[0;32mOK
[0;39m[1;34marr[246]: [0;39m ./push_swap 15 8 7 17 16 14 5 13 9 3 2 10 1 0 6 4 12 11 18 19 	checker_linux:[0;32mOK
[0;39m[1;34marr[247]: [0;39m ./push_swap 3 7 1 15 11 6 14 8 13 0 12 16 2 9 5 17 10 4 18 19 	checker_linux:[0;32mOK
[0;39m[1;34marr[248]: [0;39m ./push_swap 0 1 2 3 4 5 6 7 8 9 10 11 12 13 14 15 16 17 18 19 	checker_linux:[0;32mOK
[0;39m[1;34marr[249]: [0;39m ./push_swap 9 2 12 0 17 14 5 1 7 13 16 4 10 8 6 3 11 15 18 19 	checker_linux:[0;32mOK
[0;39m[1;34marr[250]: [0;39m ./push_swap 13 12 10 9 15 6 14 2 1 8 11 17 16 7 5 0 4 3 18 19 	checker_linux:[0;32mOK
[0;39m[1;34marr[251]: [0;39m ./push_swap 8 10 16 13 3 5 6 12 2 7 4 15 11 1 14 9 17 0 18 19 	checker_linux:[0;32mOK
[0;39m[1;34marr[252]: [0;39m ./push_swap 7 16 11 8 0 14 5 10 12 1 17 3 4 2 6 13 15 9 18 19 	checker_linux:[0;32mOK
[0;39m[1;34marr[253]: [0;39m ./push_swap 1 11 4 7 9 6 14 16 10 2 15 0 17 12 5 8 3 13 18 19 	checker_linux:[0;32mOK
[0;39m[1;34marr[254]: [0;39m ./push_swap 2 4 17 1 13 5 6 11 16 12 3 9 15 10 14 7 0 8 18 19 	checker_linux:[0;32mOK
[0;39m[1;34marr[255]: [0;39m ./push_swap 12 17 15 2 8 14 5 4 11 10 0 13 3 16 6 1 9 7 18 19 	checker_linux:[0;32mOK
[0;39m[1;34marr[256]: [0;39m ./push_swap 10 15 3 12 7 6 14 17 4 16 9 8 0 11 5 2 13 1 18 19 	checker_linux:[0;32mOK
[0;39m[1;34marr[257]: [0;39m ./push_swap 16 3 0 10 1 5 6 15 17 11 13 7 9 4 14 12 8 2 18 19 	checker_linux:[0;32mOK
[0;39m[1;34marr[258]: [0;39m ./push_swap 11 0 9 16 2 14 5 3 15 4 8 1 13 17 6 10 7 12 18 19 	checker_linux:[0;32mOK
[0;39m